[info] Log at : 2025/8/20|15:56:10|GMT+0800

[info] Log at : 2025/8/20|15:56:26|GMT+0800

[info] Log at : 2025/8/25|17:20:33|GMT+0800

[info] Log at : 2025/8/26|11:26:23|GMT+0800

[info] Log at : 2025/8/26|14:50:50|GMT+0800

[info] Log at : 2025/8/30|14:16:48|GMT+0800

[info] Log at : 2025/8/30|15:25:08|GMT+0800

[info] Log at : 2025/9/1|09:19:02|GMT+0800

[info] Log at : 2025/9/1|15:24:31|GMT+0800

SyntaxError: Unexpected end of JSON input
    at JSON.parse (<anonymous>)
    at F.updateCppProperties (c:\Users\Administrator.DESKTOP-T0UF4T8\.cursor\extensions\cl.keil-assistant-1.7.0\dist\extension.js:1:10849)
    at F.<anonymous> (c:\Users\Administrator.DESKTOP-T0UF4T8\.cursor\extensions\cl.keil-assistant-1.7.0\dist\extension.js:1:12579)
    at Generator.next (<anonymous>)
    at c:\Users\Administrator.DESKTOP-T0UF4T8\.cursor\extensions\cl.keil-assistant-1.7.0\dist\extension.js:1:4480
    at new Promise (<anonymous>)
    at r (c:\Users\Administrator.DESKTOP-T0UF4T8\.cursor\extensions\cl.keil-assistant-1.7.0\dist\extension.js:1:4225)
    at F.load (c:\Users\Administrator.DESKTOP-T0UF4T8\.cursor\extensions\cl.keil-assistant-1.7.0\dist\extension.js:1:11310)
    at w.<anonymous> (c:\Users\Administrator.DESKTOP-T0UF4T8\.cursor\extensions\cl.keil-assistant-1.7.0\dist\extension.js:1:8737)
    at Generator.next (<anonymous>)
    at a (c:\Users\Administrator.DESKTOP-T0UF4T8\.cursor\extensions\cl.keil-assistant-1.7.0\dist\extension.js:1:4282)
    at processTicksAndRejections (node:internal/process/task_queues:95:5)
    at runNextTicks (node:internal/process/task_queues:64:3)
    at processTimers (node:internal/timers:516:9)
[info] Log at : 2025/9/3|16:14:17|GMT+0800

[info] project closed: lighting_ultra
[info] Log at : 2025/9/8|14:13:46|GMT+0800

[info] Log at : 2025/9/8|14:13:51|GMT+0800

[info] Log at : 2025/9/30|16:39:49|GMT+0800

[info] Log at : 2025/9/30|16:39:55|GMT+0800

[info] project closed: lighting_ultra
[info] Log at : 2025/9/30|16:49:10|GMT+0800

[info] project closed: lighting_ultra
[info] Log at : 2025/9/30|16:50:00|GMT+0800

[info] project closed: lighting_ultra
[info] Log at : 2025/9/30|16:51:38|GMT+0800

[info] Log at : 2025/9/30|17:03:58|GMT+0800

[info] Log at : 2025/10/7|13:44:11|GMT+0800

[info] Log at : 2025/10/7|13:44:11|GMT+0800

[info] Log at : 2025/10/7|13:46:21|GMT+0800

[info] Log at : 2025/10/7|13:46:21|GMT+0800

[info] Log at : 2025/10/9|09:47:22|GMT+0800

[info] Log at : 2025/10/9|09:47:22|GMT+0800

[info] Log at : 2025/10/9|13:30:51|GMT+0800

[info] Log at : 2025/10/9|13:30:51|GMT+0800

[info] Log at : 2025/10/11|12:51:01|GMT+0800

[info] Log at : 2025/10/11|12:55:09|GMT+0800

[info] Log at : 2025/10/12|13:45:52|GMT+0800

[info] Log at : 2025/10/18|16:17:53|GMT+0800

[info] Log at : 2025/10/18|16:18:02|GMT+0800

[info] Log at : 2025/10/27|09:32:09|GMT+0800

[info] Log at : 2025/11/5|14:45:44|GMT+0800

[info] project closed: lighting_ultra
[info] Log at : 2025/11/5|14:46:00|GMT+0800

[info] project closed: lighting_ultra
[info] Log at : 2025/11/5|15:57:21|GMT+0800

[info] Log at : 2025/11/5|16:39:55|GMT+0800

[info] Log at : 2025/11/5|16:40:13|GMT+0800

